projects/vr_24/project/ExpVR/Temp/gradleOut/build/outputs/logs/manifest-merger-debug-report.txt
-- Merging decision tree log ---
manifest
ADDED from src/main/AndroidManifest.xml:2:1-33:12
INJECTED from src/main/AndroidManifest.xml:2:1-33:12
INJECTED from src/main/AndroidManifest.xml:2:1-33:12
INJECTED from src/main/AndroidManifest.xml:2:1-33:12
MERGED from [:OVRPlugin:] AndroidManifest.xml:2:1-4:12
MERGED from [:audio360:] AndroidManifest.xml:2:1-14:12
INJECTED from src/main/AndroidManifest.xml:2:1-33:12
INJECTED from src/main/AndroidManifest.xml:2:1-33:12
INJECTED from src/main/AndroidManifest.xml:2:1-33:12
	package
		ADDED from src/main/AndroidManifest.xml:2:70-97
		INJECTED from src/main/AndroidManifest.xml
		INJECTED from src/main/AndroidManifest.xml
	android:versionName
		INJECTED from src/main/AndroidManifest.xml
		ADDED from src/main/AndroidManifest.xml:2:1-33:12
		INJECTED from src/main/AndroidManifest.xml
	android:versionCode
		INJECTED from src/main/AndroidManifest.xml
		ADDED from src/main/AndroidManifest.xml:2:1-33:12
		INJECTED from src/main/AndroidManifest.xml
	xmlns:android
		ADDED from src/main/AndroidManifest.xml:2:11-69
	android:installLocation
		ADDED from src/main/AndroidManifest.xml:2:98-128
uses-feature#android.hardware.vr.headtracking
ADDED from src/main/AndroidManifest.xml:3:3-111
	android:version
		ADDED from src/main/AndroidManifest.xml:3:65-84
	android:required
		ADDED from src/main/AndroidManifest.xml:3:85-108
	android:name
		ADDED from src/main/AndroidManifest.xml:3:17-64
application
ADDED from src/main/AndroidManifest.xml:5:3-19:17
MERGED from [:audio360:] AndroidManifest.xml:11:5-12:19
MERGED from [:audio360:] AndroidManifest.xml:11:5-12:19
	android:label
		ADDED from src/main/AndroidManifest.xml:5:16-48
	android:icon
		ADDED from src/main/AndroidManifest.xml:5:49-80
	android:allowBackup
		ADDED from src/main/AndroidManifest.xml:5:81-108
	android:networkSecurityConfig
		ADDED from src/main/AndroidManifest.xml:5:109-164
activity#com.unity3d.player.UnityPlayerActivity
ADDED from src/main/AndroidManifest.xml:6:5-12:16
	android:screenOrientation
		ADDED from src/main/AndroidManifest.xml:6:168-205
	android:excludeFromRecents
		ADDED from src/main/AndroidManifest.xml:6:134-167
	android:launchMode
		ADDED from src/main/AndroidManifest.xml:6:206-237
	android:hardwareAccelerated
		ADDED from src/main/AndroidManifest.xml:6:340-375
	android:configChanges
		ADDED from src/main/AndroidManifest.xml:6:238-339
	android:theme
		ADDED from src/main/AndroidManifest.xml:6:15-79
	android:name
		ADDED from src/main/AndroidManifest.xml:6:80-133
intent-filter#action:name:android.intent.action.MAIN+category:name:android.intent.category.INFO
ADDED from src/main/AndroidManifest.xml:7:7-10:23
action#android.intent.action.MAIN
ADDED from src/main/AndroidManifest.xml:8:9-61
	android:name
		ADDED from src/main/AndroidManifest.xml:8:17-58
category#android.intent.category.INFO
ADDED from src/main/AndroidManifest.xml:9:9-65
	android:name
		ADDED from src/main/AndroidManifest.xml:9:19-62
meta-data#android.notch_support
ADDED from src/main/AndroidManifest.xml:11:7-78
	android:value
		ADDED from src/main/AndroidManifest.xml:11:55-75
	android:name
		ADDED from src/main/AndroidManifest.xml:11:18-54
meta-data#unityplayer.SkipPermissionsDialog
ADDED from src/main/AndroidManifest.xml:13:5-89
	android:value
		ADDED from src/main/AndroidManifest.xml:13:65-86
	android:name
		ADDED from src/main/AndroidManifest.xml:13:16-64
meta-data#com.samsung.android.vr.application.mode
ADDED from src/main/AndroidManifest.xml:14:5-97
	android:value
		ADDED from src/main/AndroidManifest.xml:14:71-94
	android:name
		ADDED from src/main/AndroidManifest.xml:14:16-70
meta-data#unity.build-id
ADDED from src/main/AndroidManifest.xml:15:5-101
	android:value
		ADDED from src/main/AndroidManifest.xml:15:46-98
	android:name
		ADDED from src/main/AndroidManifest.xml:15:16-45
meta-data#unity.splash-mode
ADDED from src/main/AndroidManifest.xml:16:5-69
	android:value
		ADDED from src/main/AndroidManifest.xml:16:49-66
	android:name
		ADDED from src/main/AndroidManifest.xml:16:16-48
meta-data#unity.splash-enable
ADDED from src/main/AndroidManifest.xml:17:5-75
	android:value
		ADDED from src/main/AndroidManifest.xml:17:51-72
	android:name
		ADDED from src/main/AndroidManifest.xml:17:16-50
meta-data#notch.config
ADDED from src/main/AndroidManifest.xml:18:5-81
	android:value
		ADDED from src/main/AndroidManifest.xml:18:44-78
	android:name
		ADDED from src/main/AndroidManifest.xml:18:16-43
uses-feature#0x00030000
ADDED from src/main/AndroidManifest.xml:20:3-52
	android:glEsVersion
		ADDED from src/main/AndroidManifest.xml:20:17-49
supports-gl-texture#GL_KHR_texture_compression_astc_ldr
ADDED from src/main/AndroidManifest.xml:21:3-77
	android:name
		ADDED from src/main/AndroidManifest.xml:21:24-74
uses-permission#android.permission.INTERNET
ADDED from src/main/AndroidManifest.xml:22:3-65
	android:name
		ADDED from src/main/AndroidManifest.xml:22:20-62
uses-permission#android.permission.RECORD_AUDIO
ADDED from src/main/AndroidManifest.xml:23:3-69
	android:name
		ADDED from src/main/AndroidManifest.xml:23:20-66
uses-permission#android.permission.MODIFY_AUDIO_SETTINGS
ADDED from src/main/AndroidManifest.xml:24:3-78
	android:name
		ADDED from src/main/AndroidManifest.xml:24:20-75
uses-permission#android.permission.BROADCAST_STICKY
ADDED from src/main/AndroidManifest.xml:25:3-73
	android:name
		ADDED from src/main/AndroidManifest.xml:25:20-70
uses-permission#android.permission.BLUETOOTH
ADDED from src/main/AndroidManifest.xml:26:3-66
	android:name
		ADDED from src/main/AndroidManifest.xml:26:20-63
uses-feature#android.hardware.microphone
ADDED from src/main/AndroidManifest.xml:27:3-87
	android:required
		ADDED from src/main/AndroidManifest.xml:27:60-84
	android:name
		ADDED from src/main/AndroidManifest.xml:27:17-59
uses-permission#android.permission.WRITE_EXTERNAL_STORAGE
ADDED from src/main/AndroidManifest.xml:28:3-106
	android:maxSdkVersion
		ADDED from src/main/AndroidManifest.xml:28:77-103
	android:name
		ADDED from src/main/AndroidManifest.xml:28:20-76
uses-permission#android.permission.READ_EXTERNAL_STORAGE
ADDED from src/main/AndroidManifest.xml:29:3-105
	android:maxSdkVersion
		ADDED from src/main/AndroidManifest.xml:29:76-102
	android:name
		ADDED from src/main/AndroidManifest.xml:29:20-75
uses-feature#android.hardware.touchscreen
ADDED from src/main/AndroidManifest.xml:30:3-88
	android:required
		ADDED from src/main/AndroidManifest.xml:30:61-85
	android:name
		ADDED from src/main/AndroidManifest.xml:30:17-60
uses-feature#android.hardware.touchscreen.multitouch
ADDED from src/main/AndroidManifest.xml:31:3-99
	android:required
		ADDED from src/main/AndroidManifest.xml:31:72-96
	android:name
		ADDED from src/main/AndroidManifest.xml:31:17-71
uses-feature#android.hardware.touchscreen.multitouch.distinct
ADDED from src/main/AndroidManifest.xml:32:3-108
	android:required
		ADDED from src/main/AndroidManifest.xml:32:81-105
	android:name
		ADDED from src/main/AndroidManifest.xml:32:17-80
uses-sdk
INJECTED from src/main/AndroidManifest.xml reason: use-sdk injection requested
INJECTED from src/main/AndroidManifest.xml
INJECTED from src/main/AndroidManifest.xml
MERGED from [:OVRPlugin:] AndroidManifest.xml:3:3-45
MERGED from [:OVRPlugin:] AndroidManifest.xml:3:3-45
MERGED from [:audio360:] AndroidManifest.xml:7:5-9:41
MERGED from [:audio360:] AndroidManifest.xml:7:5-9:41
INJECTED from src/main/AndroidManifest.xml
INJECTED from src/main/AndroidManifest.xml
	android:targetSdkVersion
		INJECTED from src/main/AndroidManifest.xml
		ADDED from src/main/AndroidManifest.xml
		INJECTED from src/main/AndroidManifest.xml
	android:minSdkVersion
		INJECTED from src/main/AndroidManifest.xml
		ADDED from src/main/AndroidManifest.xml
		MERGED from src/main/AndroidManifest.xml
		INJECTED from src/main/AndroidManifest.xml